<?xml version="1.0" encoding="UTF-8"?>
<testng-results skipped="0" failed="1" ignored="0" total="3" passed="2">
  <reporter-output>
  </reporter-output>
  <suite name="FREE CRM Application Test Automation Test Suite" duration-ms="58068" started-at="2018-05-10T07:34:36Z" finished-at="2018-05-10T07:35:34Z">
    <groups>
    </groups>
    <test name="Free CRM App Test Cases" duration-ms="58068" started-at="2018-05-10T07:34:36Z" finished-at="2018-05-10T07:35:34Z">
      <class name="com.crm.testcases.LoginPageTest">
        <test-method status="PASS" signature="setUp()[pri:0, instance:com.crm.testcases.LoginPageTest@4f063c0a]" name="setUp" is-config="true" duration-ms="23682" started-at="2018-05-10T13:04:36Z" finished-at="2018-05-10T13:05:00Z">
          <reporter-output>
          </reporter-output>
        </test-method> <!-- setUp -->
        <test-method status="PASS" signature="verifyFreeCRMLogoTest()[pri:1, instance:com.crm.testcases.LoginPageTest@4f063c0a]" name="verifyFreeCRMLogoTest" duration-ms="195" started-at="2018-05-10T13:05:00Z" finished-at="2018-05-10T13:05:00Z">
          <reporter-output>
          </reporter-output>
        </test-method> <!-- verifyFreeCRMLogoTest -->
        <test-method status="PASS" signature="tearDown()[pri:0, instance:com.crm.testcases.LoginPageTest@4f063c0a]" name="tearDown" is-config="true" duration-ms="961" started-at="2018-05-10T13:05:00Z" finished-at="2018-05-10T13:05:01Z">
          <reporter-output>
          </reporter-output>
        </test-method> <!-- tearDown -->
        <test-method status="PASS" signature="setUp()[pri:0, instance:com.crm.testcases.LoginPageTest@4f063c0a]" name="setUp" is-config="true" duration-ms="13337" started-at="2018-05-10T13:05:01Z" finished-at="2018-05-10T13:05:14Z">
          <reporter-output>
          </reporter-output>
        </test-method> <!-- setUp -->
        <test-method status="PASS" signature="titleTest()[pri:2, instance:com.crm.testcases.LoginPageTest@4f063c0a]" name="titleTest" duration-ms="38" started-at="2018-05-10T13:05:14Z" finished-at="2018-05-10T13:05:14Z">
          <reporter-output>
          </reporter-output>
        </test-method> <!-- titleTest -->
        <test-method status="PASS" signature="tearDown()[pri:0, instance:com.crm.testcases.LoginPageTest@4f063c0a]" name="tearDown" is-config="true" duration-ms="915" started-at="2018-05-10T13:05:14Z" finished-at="2018-05-10T13:05:15Z">
          <reporter-output>
          </reporter-output>
        </test-method> <!-- tearDown -->
        <test-method status="PASS" signature="setUp()[pri:0, instance:com.crm.testcases.LoginPageTest@4f063c0a]" name="setUp" is-config="true" duration-ms="14484" started-at="2018-05-10T13:05:15Z" finished-at="2018-05-10T13:05:30Z">
          <reporter-output>
          </reporter-output>
        </test-method> <!-- setUp -->
        <test-method status="FAIL" signature="verifyLoginTest()[pri:3, instance:com.crm.testcases.LoginPageTest@4f063c0a]" name="verifyLoginTest" duration-ms="3409" started-at="2018-05-10T13:05:30Z" finished-at="2018-05-10T13:05:33Z">
          <exception class="java.lang.AssertionError">
            <message>
              <![CDATA[expected [CRMPRO] but found [Free CRM software in the cloud powers sales and customer service]]]>
            </message>
            <full-stacktrace>
              <![CDATA[java.lang.AssertionError: expected [CRMPRO] but found [Free CRM software in the cloud powers sales and customer service]at org.testng.Assert.fail(Assert.java:96)at org.testng.Assert.failNotEquals(Assert.java:776)at org.testng.Assert.assertEqualsImpl(Assert.java:137)at org.testng.Assert.assertEquals(Assert.java:118)at org.testng.Assert.assertEquals(Assert.java:453)at org.testng.Assert.assertEquals(Assert.java:463)at com.crm.testcases.LoginPageTest.verifyLoginTest(LoginPageTest.java:43)at sun.reflect.NativeMethodAccessorImpl.invoke0(Native Method)at sun.reflect.NativeMethodAccessorImpl.invoke(Unknown Source)at sun.reflect.DelegatingMethodAccessorImpl.invoke(Unknown Source)at java.lang.reflect.Method.invoke(Unknown Source)at org.testng.internal.MethodInvocationHelper.invokeMethod(MethodInvocationHelper.java:124)at org.testng.internal.Invoker.invokeMethod(Invoker.java:571)at org.testng.internal.Invoker.invokeTestMethod(Invoker.java:707)at org.testng.internal.Invoker.invokeTestMethods(Invoker.java:979)at org.testng.internal.TestMethodWorker.invokeTestMethods(TestMethodWorker.java:125)at org.testng.internal.TestMethodWorker.run(TestMethodWorker.java:109)at org.testng.TestRunner.privateRun(TestRunner.java:648)at org.testng.TestRunner.run(TestRunner.java:505)at org.testng.SuiteRunner.runTest(SuiteRunner.java:455)at org.testng.SuiteRunner.runSequentially(SuiteRunner.java:450)at org.testng.SuiteRunner.privateRun(SuiteRunner.java:415)at org.testng.SuiteRunner.run(SuiteRunner.java:364)at org.testng.SuiteRunnerWorker.runSuite(SuiteRunnerWorker.java:52)at org.testng.SuiteRunnerWorker.run(SuiteRunnerWorker.java:84)at org.testng.TestNG.runSuitesSequentially(TestNG.java:1187)at org.testng.TestNG.runSuitesLocally(TestNG.java:1116)at org.testng.TestNG.runSuites(TestNG.java:1028)at org.testng.TestNG.run(TestNG.java:996)at org.testng.remote.AbstractRemoteTestNG.run(AbstractRemoteTestNG.java:114)at org.testng.remote.RemoteTestNG.initAndRun(RemoteTestNG.java:251)at org.testng.remote.RemoteTestNG.main(RemoteTestNG.java:77)]]>
            </full-stacktrace>
          </exception> <!-- java.lang.AssertionError -->
          <reporter-output>
          </reporter-output>
        </test-method> <!-- verifyLoginTest -->
        <test-method status="PASS" signature="tearDown()[pri:0, instance:com.crm.testcases.LoginPageTest@4f063c0a]" name="tearDown" is-config="true" duration-ms="936" started-at="2018-05-10T13:05:33Z" finished-at="2018-05-10T13:05:34Z">
          <reporter-output>
          </reporter-output>
        </test-method> <!-- tearDown -->
      </class> <!-- com.crm.testcases.LoginPageTest -->
    </test> <!-- Free CRM App Test Cases -->
  </suite> <!-- FREE CRM Application Test Automation Test Suite -->
</testng-results>
